<?xml version="1.0" encoding="UTF-8"?>
<testng-results ignored="0" total="2" passed="2" failed="0" skipped="0">
  <reporter-output>
  </reporter-output>
  <suite started-at="2025-08-23T16:25:03 IST" name="Default suite" finished-at="2025-08-23T16:25:04 IST" duration-ms="1197">
    <groups>
    </groups>
    <test started-at="2025-08-23T16:25:03 IST" name="Default test" finished-at="2025-08-23T16:25:04 IST" duration-ms="1197">
      <class name="Sarthak_clinic.HospitalManagementTest">
        <test-method signature="testInvalidLoginWithMockDB()[pri:0, instance:Sarthak_clinic.HospitalManagementTest@77888435]" started-at="2025-08-23T16:25:03 IST" name="testInvalidLoginWithMockDB" finished-at="2025-08-23T16:25:04 IST" duration-ms="1136" status="PASS">
          <reporter-output>
          </reporter-output>
        </test-method> <!-- testInvalidLoginWithMockDB -->
        <test-method signature="testValidLoginWithMockDB()[pri:0, instance:Sarthak_clinic.HospitalManagementTest@77888435]" started-at="2025-08-23T16:25:04 IST" name="testValidLoginWithMockDB" finished-at="2025-08-23T16:25:04 IST" duration-ms="16" status="PASS">
          <reporter-output>
          </reporter-output>
        </test-method> <!-- testValidLoginWithMockDB -->
      </class> <!-- Sarthak_clinic.HospitalManagementTest -->
    </test> <!-- Default test -->
  </suite> <!-- Default suite -->
</testng-results>
