<?xml version="1.0" encoding="UTF-8"?>
<testng-results ignored="0" total="1" passed="1" failed="0" skipped="0">
  <reporter-output>
  </reporter-output>
  <suite started-at="2025-08-25T17:07:25 IST" name="Default suite" finished-at="2025-08-25T17:07:31 IST" duration-ms="6093">
    <groups>
    </groups>
    <test started-at="2025-08-25T17:07:25 IST" name="Default test" finished-at="2025-08-25T17:07:31 IST" duration-ms="6093">
      <class name="Jenkins_package.NewTest">
        <test-method signature="f()[pri:0, instance:Jenkins_package.NewTest@49438269]" started-at="2025-08-25T17:07:25 IST" name="f" finished-at="2025-08-25T17:07:31 IST" duration-ms="6043" status="PASS">
          <reporter-output>
          </reporter-output>
        </test-method> <!-- f -->
      </class> <!-- Jenkins_package.NewTest -->
    </test> <!-- Default test -->
  </suite> <!-- Default suite -->
</testng-results>
